This is pdfTeX, Version 3.14159265-2.6-1.40.21 (MiKTeX 2.9.7380 64-bit) (preloaded format=pdflatex 2020.4.16)  2 JUN 2020 09:33
entering extended mode
**./CV_Diego_Alburez_VW.tex
(CV_Diego_Alburez_VW.tex
LaTeX2e <2020-02-02> patch level 5
L3 programming layer <2020-04-06> (res.cls
Document Style `res' <26 Sep 89>.
Document Class: res 2000/05/19 v1.4b Resume class

("C:\Users\alburezgutierrez\AppData\Local\Programs\MiKTeX 2.9\tex/latex/base\ar
ticle.cls"
Document Class: article 2019/12/20 v1.4l Standard LaTeX document class

("C:\Users\alburezgutierrez\AppData\Local\Programs\MiKTeX 2.9\tex/latex/base\si
ze10.clo"
File: size10.clo 2019/12/20 v1.4l Standard LaTeX file (size option)
)
\c@part=\count167
\c@section=\count168
\c@subsection=\count169
\c@subsubsection=\count170
\c@paragraph=\count171
\c@subparagraph=\count172
\c@figure=\count173
\c@table=\count174
\abovecaptionskip=\skip47
\belowcaptionskip=\skip48
\bibindent=\dimen134
)
No auxiliary output files.

\tabular@text=\toks15
\tabular@head=\toks16
\tabular@tail=\toks17
\@ta=\toks18
\undefined@token=\toks19
\sectionwidth=\dimen135
\sectionskip=\skip49
\resumewidth=\dimen136
\@columnwidth=\dimen137
\c@numberofcolumns=\count175
)
("C:\Users\alburezgutierrez\AppData\Local\Programs\MiKTeX 2.9\tex/latex/fancyhd
r\fancyhdr.sty"
Package: fancyhdr 2019/01/31 v3.10 Extensive control of page headers and footer
s
\f@nch@headwidth=\skip50
\f@nch@O@elh=\skip51
\f@nch@O@erh=\skip52
\f@nch@O@olh=\skip53
\f@nch@O@orh=\skip54
\f@nch@O@elf=\skip55
\f@nch@O@erf=\skip56
\f@nch@O@olf=\skip57
\f@nch@O@orf=\skip58
)
("C:\Users\alburezgutierrez\AppData\Local\Programs\MiKTeX 2.9\tex/latex/booktab
s\booktabs.sty"
Package: booktabs 2020/01/12 v1.61803398 Publication quality tables
\heavyrulewidth=\dimen138
\lightrulewidth=\dimen139
\cmidrulewidth=\dimen140
\belowrulesep=\dimen141
\belowbottomsep=\dimen142
\aboverulesep=\dimen143
\abovetopsep=\dimen144
\cmidrulesep=\dimen145
\cmidrulekern=\dimen146
\defaultaddspace=\dimen147
\@cmidla=\count176
\@cmidlb=\count177
\@aboverulesep=\dimen148
\@belowrulesep=\dimen149
\@thisruleclass=\count178
\@lastruleclass=\count179
\@thisrulewidth=\dimen150
)
("C:\Users\alburezgutierrez\AppData\Local\Programs\MiKTeX 2.9\tex/latex/hyperre
f\hyperref.sty"
Package: hyperref 2020/01/14 v7.00d Hypertext links for LaTeX

("C:\Users\alburezgutierrez\AppData\Local\Programs\MiKTeX 2.9\tex/generic/ltxcm
ds\ltxcmds.sty"
Package: ltxcmds 2019/12/15 v1.24 LaTeX kernel commands for general use (HO)
)
("C:\Users\alburezgutierrez\AppData\Local\Programs\MiKTeX 2.9\tex/generic/iftex
\iftex.sty"
Package: iftex 2020/03/06 v1.0d TeX engine tests
)
("C:\Users\alburezgutierrez\AppData\Local\Programs\MiKTeX 2.9\tex/latex/pdftexc
mds\pdftexcmds.sty"
Package: pdftexcmds 2019/11/24 v0.31 Utility functions of pdfTeX for LuaTeX (HO
)

("C:\Users\alburezgutierrez\AppData\Local\Programs\MiKTeX 2.9\tex/generic/infwa
rerr\infwarerr.sty"
Package: infwarerr 2019/12/03 v1.5 Providing info/warning/error messages (HO)
)
Package pdftexcmds Info: \pdf@primitive is available.
Package pdftexcmds Info: \pdf@ifprimitive is available.
Package pdftexcmds Info: \pdfdraftmode found.
)
("C:\Users\alburezgutierrez\AppData\Local\Programs\MiKTeX 2.9\tex/latex/graphic
s\keyval.sty"
Package: keyval 2014/10/28 v1.15 key=value parser (DPC)
\KV@toks@=\toks20
)
("C:\Users\alburezgutierrez\AppData\Local\Programs\MiKTeX 2.9\tex/generic/kvset
keys\kvsetkeys.sty"
Package: kvsetkeys 2019/12/15 v1.18 Key value parser (HO)
)
("C:\Users\alburezgutierrez\AppData\Local\Programs\MiKTeX 2.9\tex/generic/kvdef
inekeys\kvdefinekeys.sty"
Package: kvdefinekeys 2019-12-19 v1.6 Define keys (HO)
)
("C:\Users\alburezgutierrez\AppData\Local\Programs\MiKTeX 2.9\tex/generic/pdfes
cape\pdfescape.sty"
Package: pdfescape 2019/12/09 v1.15 Implements pdfTeX's escape features (HO)
)
("C:\Users\alburezgutierrez\AppData\Local\Programs\MiKTeX 2.9\tex/latex/hycolor
\hycolor.sty"
Package: hycolor 2020-01-27 v1.10 Color options for hyperref/bookmark (HO)
)
("C:\Users\alburezgutierrez\AppData\Local\Programs\MiKTeX 2.9\tex/latex/letltxm
acro\letltxmacro.sty"
Package: letltxmacro 2019/12/03 v1.6 Let assignment for LaTeX macros (HO)
)
("C:\Users\alburezgutierrez\AppData\Local\Programs\MiKTeX 2.9\tex/latex/auxhook
\auxhook.sty"
Package: auxhook 2019-12-17 v1.6 Hooks for auxiliary files (HO)
)
("C:\Users\alburezgutierrez\AppData\Local\Programs\MiKTeX 2.9\tex/latex/kvoptio
ns\kvoptions.sty"
Package: kvoptions 2019/11/29 v3.13 Key value format for package options (HO)
)
\@linkdim=\dimen151
\Hy@linkcounter=\count180
\Hy@pagecounter=\count181

("C:\Users\alburezgutierrez\AppData\Local\Programs\MiKTeX 2.9\tex/latex/hyperre
f\pd1enc.def"
File: pd1enc.def 2020/01/14 v7.00d Hyperref: PDFDocEncoding definition (HO)
Now handling font encoding PD1 ...
... no UTF-8 mapping file for font encoding PD1
)
("C:\Users\alburezgutierrez\AppData\Local\Programs\MiKTeX 2.9\tex/generic/intca
lc\intcalc.sty"
Package: intcalc 2019/12/15 v1.3 Expandable calculations with integers (HO)
)
("C:\Users\alburezgutierrez\AppData\Local\Programs\MiKTeX 2.9\tex/generic/etexc
mds\etexcmds.sty"
Package: etexcmds 2019/12/15 v1.7 Avoid name clashes with e-TeX commands (HO)
)
\Hy@SavedSpaceFactor=\count182
Package hyperref Info: Hyper figures OFF on input line 4547.
Package hyperref Info: Link nesting OFF on input line 4552.
Package hyperref Info: Hyper index ON on input line 4555.
Package hyperref Info: Plain pages OFF on input line 4562.
Package hyperref Info: Backreferencing OFF on input line 4567.
Package hyperref Info: Implicit mode ON; LaTeX internals redefined.
Package hyperref Info: Bookmarks ON on input line 4800.
\c@Hy@tempcnt=\count183

("C:\Users\alburezgutierrez\AppData\Local\Programs\MiKTeX 2.9\tex/latex/url\url
.sty"
\Urlmuskip=\muskip16
Package: url 2013/09/16  ver 3.4  Verb mode for urls, etc.
)
LaTeX Info: Redefining \url on input line 5159.
\XeTeXLinkMargin=\dimen152

("C:\Users\alburezgutierrez\AppData\Local\Programs\MiKTeX 2.9\tex/generic/bitse
t\bitset.sty"
Package: bitset 2019/12/09 v1.3 Handle bit-vector datatype (HO)

("C:\Users\alburezgutierrez\AppData\Local\Programs\MiKTeX 2.9\tex/generic/bigin
tcalc\bigintcalc.sty"
Package: bigintcalc 2019/12/15 v1.5 Expandable calculations on big integers (HO
)
))
\Fld@menulength=\count184
\Field@Width=\dimen153
\Fld@charsize=\dimen154
Package hyperref Info: Hyper figures OFF on input line 6430.
Package hyperref Info: Link nesting OFF on input line 6435.
Package hyperref Info: Hyper index ON on input line 6438.
Package hyperref Info: backreferencing OFF on input line 6445.
Package hyperref Info: Link coloring OFF on input line 6450.
Package hyperref Info: Link coloring with OCG OFF on input line 6455.
Package hyperref Info: PDF/A mode OFF on input line 6460.
LaTeX Info: Redefining \ref on input line 6500.
LaTeX Info: Redefining \pageref on input line 6504.

("C:\Users\alburezgutierrez\AppData\Local\Programs\MiKTeX 2.9\tex/generic/atbeg
shi\atbegshi.sty"
Package: atbegshi 2019/12/05 v1.19 At begin shipout hook (HO)
)
\Hy@abspage=\count185
\c@Item=\count186
\c@Hfootnote=\count187
)
Package hyperref Info: Driver (autodetected): hpdftex.

("C:\Users\alburezgutierrez\AppData\Local\Programs\MiKTeX 2.9\tex/latex/hyperre
f\hpdftex.def"
File: hpdftex.def 2020/01/14 v7.00d Hyperref driver for pdfTeX

("C:\Users\alburezgutierrez\AppData\Local\Programs\MiKTeX 2.9\tex/latex/atverye
nd\atveryend.sty"
Package: atveryend 2019-12-11 v1.11 Hooks at the very end of document (HO)
Package atveryend Info: \enddocument detected (standard20110627).
)
\Fld@listcount=\count188
\c@bookmark@seq@number=\count189

("C:\Users\alburezgutierrez\AppData\Local\Programs\MiKTeX 2.9\tex/latex/rerunfi
lecheck\rerunfilecheck.sty"
Package: rerunfilecheck 2019/12/05 v1.9 Rerun checks for auxiliary files (HO)

("C:\Users\alburezgutierrez\AppData\Local\Programs\MiKTeX 2.9\tex/generic/uniqu
ecounter\uniquecounter.sty"
Package: uniquecounter 2019/12/15 v1.4 Provide unlimited unique counter (HO)
)
Package uniquecounter Info: New unique counter `rerunfilecheck' on input line 2
86.
)
\Hy@SectionHShift=\skip59
)
("C:\Users\alburezgutierrez\AppData\Local\Programs\MiKTeX 2.9\tex/latex/lipsum\
lipsum.sty"
("C:\Users\alburezgutierrez\AppData\Local\Programs\MiKTeX 2.9\tex/latex/l3kerne
l\expl3.sty"
Package: expl3 2020-04-06 L3 programming layer (loader) 

("C:\Users\alburezgutierrez\AppData\Local\Programs\MiKTeX 2.9\tex/latex/l3backe
nd\l3backend-pdfmode.def"
File: l3backend-pdfmode.def 2020-03-12 L3 backend support: PDF mode
\l__kernel_color_stack_int=\count190
\l__pdf_internal_box=\box45
))
("C:\Users\alburezgutierrez\AppData\Local\Programs\MiKTeX 2.9\tex/latex/l3packa
ges/xparse\xparse.sty"
Package: xparse 2020-03-06 L3 Experimental document command parser
\l__xparse_current_arg_int=\count191
\g__xparse_grabber_int=\count192
\l__xparse_m_args_int=\count193
\l__xparse_v_nesting_int=\count194
)
Package: lipsum 2019/01/02 v2.2 150 paragraphs of Lorem Ipsum dummy text

("C:\Users\alburezgutierrez\AppData\Local\Programs\MiKTeX 2.9\tex/latex/lipsum\
lipsum.ltd.tex"
File: lipsum.ltd.tex 2019/01/02 v2.2 The Lorem ipsum dummy text
))
Package hyperref Info: Option `colorlinks' set `true' on input line 17.

No file CV_Diego_Alburez_VW.aux.
LaTeX Font Info:    Checking defaults for OML/cmm/m/it on input line 29.
LaTeX Font Info:    ... okay on input line 29.
LaTeX Font Info:    Checking defaults for OMS/cmsy/m/n on input line 29.
LaTeX Font Info:    ... okay on input line 29.
LaTeX Font Info:    Checking defaults for OT1/cmr/m/n on input line 29.
LaTeX Font Info:    ... okay on input line 29.
LaTeX Font Info:    Checking defaults for T1/cmr/m/n on input line 29.
LaTeX Font Info:    ... okay on input line 29.
LaTeX Font Info:    Checking defaults for TS1/cmr/m/n on input line 29.
LaTeX Font Info:    ... okay on input line 29.
LaTeX Font Info:    Checking defaults for OMX/cmex/m/n on input line 29.
LaTeX Font Info:    ... okay on input line 29.
LaTeX Font Info:    Checking defaults for U/cmr/m/n on input line 29.
LaTeX Font Info:    ... okay on input line 29.
LaTeX Font Info:    Checking defaults for PD1/pdf/m/n on input line 29.
LaTeX Font Info:    ... okay on input line 29.
\AtBeginShipoutBox=\box46

("C:\Users\alburezgutierrez\AppData\Local\Programs\MiKTeX 2.9\tex/latex/graphic
s\color.sty"
Package: color 2019/11/23 v1.2a Standard LaTeX Color (DPC)

("C:\Users\alburezgutierrez\AppData\Local\Programs\MiKTeX 2.9\tex/latex/graphic
s-cfg\color.cfg"
File: color.cfg 2016/01/02 v1.6 sample color configuration
)
Package color Info: Driver file: pdftex.def on input line 147.

("C:\Users\alburezgutierrez\AppData\Local\Programs\MiKTeX 2.9\tex/latex/graphic
s-def\pdftex.def"
File: pdftex.def 2018/01/08 v1.0l Graphics/color driver for pdftex

("C:\Users\alburezgutierrez\AppData\Local\Programs\MiKTeX 2.9\tex/context/base/
mkii\supp-pdf.mkii"
[Loading MPS to PDF converter (version 2006.09.02).]
\scratchcounter=\count195
\scratchdimen=\dimen155
\scratchbox=\box47
\nofMPsegments=\count196
\nofMParguments=\count197
\everyMPshowfont=\toks21
\MPscratchCnt=\count198
\MPscratchDim=\dimen156
\MPnumerator=\count199
\makeMPintoPDFobject=\count266
\everyMPtoPDFconversion=\toks22
)))
Package hyperref Info: Link coloring ON on input line 29.

("C:\Users\alburezgutierrez\AppData\Local\Programs\MiKTeX 2.9\tex/latex/hyperre
f\nameref.sty"
Package: nameref 2019/09/16 v2.46 Cross-referencing by name of section

("C:\Users\alburezgutierrez\AppData\Local\Programs\MiKTeX 2.9\tex/latex/refcoun
t\refcount.sty"
Package: refcount 2019/12/15 v3.6 Data extraction from label references (HO)
)
("C:\Users\alburezgutierrez\AppData\Local\Programs\MiKTeX 2.9\tex/generic/getti
tlestring\gettitlestring.sty"
Package: gettitlestring 2019/12/15 v1.6 Cleanup title references (HO)
)
\c@section@level=\count267
)
LaTeX Info: Redefining \ref on input line 29.
LaTeX Info: Redefining \pageref on input line 29.
LaTeX Info: Redefining \nameref on input line 29.
LaTeX Font Info:    External font `cmex10' loaded for size
(Font)              <7> on input line 40.
LaTeX Font Info:    External font `cmex10' loaded for size
(Font)              <5> on input line 40.
 [1

{C:/Users/alburezgutierrez/AppData/Local/MiKTeX/2.9/pdftex/config/pdftex.map}]
Overfull \hbox (4.9718pt too wide) in paragraph at lines 140--141
[]\OT1/cmr/m/it/10 Organiser\OT1/cmr/m/n/10 : [][]Ro-s-tock Open Sci-ence Work-
shop[][], Max Planck In-sti-tute for De-mo-graphic Re-search (MPIDR),
 []

Package atveryend Info: Empty hook `BeforeClearDocument' on input line 158.
[2]
Package atveryend Info: Empty hook `AfterLastShipout' on input line 158.
Package atveryend Info: Executing hook `AtVeryEndDocument' on input line 158.
Package atveryend Info: Empty hook `AtEndAfterFileList' on input line 158.
Package atveryend Info: Empty hook `AtVeryVeryEnd' on input line 158.
 ) 
Here is how much of TeX's memory you used:
 5737 strings out of 480896
 98959 string characters out of 2892852
 530419 words of memory out of 3000000
 21557 multiletter control sequences out of 15000+200000
 534285 words of font info for 30 fonts, out of 3000000 for 9000
 1141 hyphenation exceptions out of 8191
 36i,11n,45p,464b,406s stack positions out of 5000i,500n,10000p,200000b,50000s
 <C:\Users\alburezgutierrez\AppData\Local\MiKTeX\2.9\fonts/pk/ljfour/jknappen
/ec/dpi600\tcrm1000.pk><C:/Users/alburezgutierrez/AppData/Local/Programs/MiKTeX
 2.9/fonts/type1/public/amsfonts/cm/cmbx10.pfb><C:/Users/alburezgutierrez/AppDa
ta/Local/Programs/MiKTeX 2.9/fonts/type1/public/amsfonts/cm/cmbx12.pfb><C:/User
s/alburezgutierrez/AppData/Local/Programs/MiKTeX 2.9/fonts/type1/public/amsfont
s/cm/cmmi7.pfb><C:/Users/alburezgutierrez/AppData/Local/Programs/MiKTeX 2.9/fon
ts/type1/public/amsfonts/cm/cmr10.pfb><C:/Users/alburezgutierrez/AppData/Local/
Programs/MiKTeX 2.9/fonts/type1/public/amsfonts/cm/cmsl10.pfb><C:/Users/alburez
gutierrez/AppData/Local/Programs/MiKTeX 2.9/fonts/type1/public/amsfonts/cm/cmti
10.pfb>
Output written on CV_Diego_Alburez_VW.pdf (2 pages, 103340 bytes).
PDF statistics:
 61 PDF objects out of 1000 (max. 8388607)
 3 named destinations out of 1000 (max. 500000)
 1 words of extra memory for PDF output out of 10000 (max. 10000000)

